-------------------------------------------------------------------------------
Test set: com.devsoftbd.palash.studentsinfo.StudentsInfoApplicationTests
-------------------------------------------------------------------------------
Tests run: 1, Failures: 0, Errors: 1, Skipped: 0, Time elapsed: 1.189 s <<< FAILURE! - in com.devsoftbd.palash.studentsinfo.StudentsInfoApplicationTests
initializationError(com.devsoftbd.palash.studentsinfo.StudentsInfoApplicationTests)  Time elapsed: 0.017 s  <<< ERROR!
java.lang.IllegalStateException: Unable to find a @SpringBootConfiguration, you need to use @ContextConfiguration or @SpringBootTest(classes=...) with your test

